<?xml version="1.0" encoding="UTF-8"?>
<!-- Generated by org.testng.reporters.JUnitReportReporter -->
<testsuite skipped="0" hostname="DESKTOP-ASB5QBL" name="grid.GridEg1" tests="2" failures="0" timestamp="27 Apr 2022 04:12:29 GMT" time="119.130" errors="0">
  <testcase name="grid" time="52.284" classname="grid.GridEg1"/>
  <testcase name="grid" time="66.846" classname="grid.GridEg1"/>
</testsuite> <!-- grid.GridEg1 -->
