<?xml version="1.0" encoding="UTF-8"?>
<!-- Generated by org.testng.reporters.JUnitReportReporter -->
<testsuite skipped="0" hostname="DESKTOP-ASB5QBL" name="testNG_New.UserRegTC" tests="1" failures="0" timestamp="23 Apr 2022 05:48:15 GMT" time="12.882" errors="0">
  <testcase name="orgUserReg" time="12.882" classname="testNG_New.UserRegTC"/>
</testsuite> <!-- testNG_New.UserRegTC -->
