<?xml version="1.0" encoding="UTF-8"?>
<!-- Generated by org.testng.reporters.JUnitReportReporter -->
<testsuite skipped="0" hostname="DESKTOP-ASB5QBL" name="tests.LoginTC_POM" tests="1" failures="0" timestamp="24 Apr 2022 03:40:48 GMT" time="41.319" errors="0">
  <testcase name="login" time="41.319" classname="tests.LoginTC_POM"/>
</testsuite> <!-- tests.LoginTC_POM -->
