<?xml version="1.0" encoding="UTF-8"?>
<!-- Generated by org.testng.reporters.JUnitReportReporter -->
<testsuite skipped="0" hostname="DESKTOP-ASB5QBL" name="testNG_New.EmpRegTC" tests="4" failures="0" timestamp="24 Apr 2022 03:02:06 GMT" time="22.762" errors="0">
  <testcase name="orgEmpreg" time="6.671" classname="testNG_New.EmpRegTC"/>
  <testcase name="orgEmpreg" time="6.401" classname="testNG_New.EmpRegTC"/>
  <testcase name="orgEmpreg" time="4.819" classname="testNG_New.EmpRegTC"/>
  <testcase name="orgEmpreg" time="4.871" classname="testNG_New.EmpRegTC"/>
</testsuite> <!-- testNG_New.EmpRegTC -->
